Vivado Simulator 2015.2
Copyright 1986-1999, 2001-2015 Xilinx, Inc. All Rights Reserved.
Running: D:/StudyAndWork/VIVADO/VIVADO/Vivado/2015.2/bin/unwrapped/win64.o/xelab.exe -wto 0cb4494b584943309f9739585e58a6eb --debug typical --relax --mt 2 -L xil_defaultlib -L unisims_ver -L unimacro_ver -L secureip --snapshot s_behav xil_defaultlib.s xil_defaultlib.glbl -log elaborate.log 
Using 2 slave threads.
Starting static elaboration
Completed static elaboration
Starting simulation data flow analysis
Completed simulation data flow analysis
Time Resolution for simulation is 1ps
Compiling module xil_defaultlib.andgate
Compiling module xil_defaultlib.mux4x1_andgate_0_0
Compiling module xil_defaultlib.mux4x1_andgate_1_0
Compiling module xil_defaultlib.mux4x1_andgate_2_0
Compiling module xil_defaultlib.mux4x1_andgate_3_0
Compiling module xil_defaultlib.mux4x1_andgate_4_0
Compiling module xil_defaultlib.mux4x1_andgate_5_0
Compiling module xil_defaultlib.mux4x1_andgate_6_0
Compiling module xil_defaultlib.mux4x1_andgate_7_0
Compiling module xil_defaultlib.notgate
Compiling module xil_defaultlib.mux4x1_notgate_0_0
Compiling module xil_defaultlib.mux4x1_notgate_1_0
Compiling module xil_defaultlib.orgate
Compiling module xil_defaultlib.mux4x1_orgate_0_1
Compiling module xil_defaultlib.mux4x1_orgate_1_0
Compiling module xil_defaultlib.mux4x1_orgate_2_0
Compiling module xil_defaultlib.mux4x1
Compiling module xil_defaultlib.s
Compiling module xil_defaultlib.glbl
Waiting for 2 sub-compilation(s) to finish...
Built simulation snapshot s_behav
