#-----------------------------------------------------------
# Vivado v2015.2 (64-bit)
# SW Build 1266856 on Fri Jun 26 16:35:25 MDT 2015
# IP Build 1264090 on Wed Jun 24 14:22:01 MDT 2015
# Start of session at: Tue Nov 05 20:12:19 2019
# Process ID: 8376
# Log file: C:/Users/MinLee621/Desktop/exp1/Exp1-1-andgate/vivado.log
# Journal file: C:/Users/MinLee621/Desktop/exp1/Exp1-1-andgate\vivado.jou
#-----------------------------------------------------------
start_gui
open_project C:/Users/MinLee621/Desktop/exp1/Exp1-1-andgate/Exp1-1-andgate.xpr
INFO: [Project 1-313] Project file moved from 'C:/Users/43886/Exp1-1-andgate' since last save.
Scanning sources...
Finished scanning sources
INFO: [IP_Flow 19-234] Refreshing IP repositories
INFO: [IP_Flow 19-1700] Loaded user IP repository 'c:/Users/MinLee621/Desktop/exp1/Exp1-1-andgate/Exp1-1-andgate.srcs'.
INFO: [IP_Flow 19-2313] Loaded Vivado IP repository 'D:/vivado/Vivado/2015.2/data/ip'.
open_project: Time (s): cpu = 00:00:09 ; elapsed = 00:00:12 . Memory (MB): peak = 743.688 ; gain = 156.238
exit
INFO: [Common 17-206] Exiting Vivado at Tue Nov 05 20:17:14 2019...
