#-----------------------------------------------------------
# Vivado v2015.2 (64-bit)
# SW Build 1266856 on Fri Jun 26 16:35:25 MDT 2015
# IP Build 1264090 on Wed Jun 24 14:22:01 MDT 2015
# Start of session at: Tue Nov 05 20:54:07 2019
# Process ID: 8052
# Log file: C:/Users/MinLee621/Desktop/exp1/Exp1-1-orgate/vivado.log
# Journal file: C:/Users/MinLee621/Desktop/exp1/Exp1-1-orgate\vivado.jou
#-----------------------------------------------------------
start_gui
open_project C:/Users/MinLee621/Desktop/exp1/Exp1-1-orgate/Exp1-1-orgate.xpr
INFO: [Project 1-313] Project file moved from 'D:/StudyAndWork/VIVADO/VIVADO/Exp/Exp1-1-orgate' since last save.
Scanning sources...
Finished scanning sources
INFO: [IP_Flow 19-234] Refreshing IP repositories
INFO: [IP_Flow 19-1700] Loaded user IP repository 'c:/Users/MinLee621/Desktop/exp1/Exp1-1-orgate/Exp1-1-orgate.srcs'.
INFO: [IP_Flow 19-2313] Loaded Vivado IP repository 'D:/vivado/Vivado/2015.2/data/ip'.
open_project: Time (s): cpu = 00:00:13 ; elapsed = 00:00:05 . Memory (MB): peak = 745.766 ; gain = 163.523
ipx::open_ipxact_file C:/Users/MinLee621/Desktop/exp1/Exp1-1-orgate/Exp1-1-orgate.srcs/component.xml
set_property core_revision 3 [ipx::current_core]
ipx::create_xgui_files [ipx::current_core]
ipx::update_checksums [ipx::current_core]
ipx::save_core [ipx::current_core]
update_ip_catalog -rebuild -repo_path c:/Users/MinLee621/Desktop/exp1/Exp1-1-orgate/Exp1-1-orgate.srcs
INFO: [IP_Flow 19-725] Reloaded user IP repository 'c:/Users/MinLee621/Desktop/exp1/Exp1-1-orgate/Exp1-1-orgate.srcs'
ipx::check_integrity -quiet [ipx::current_core]
ipx::archive_core {C:\Users\MinLee621\Desktop\exp1\xilinx.com_user_orgate_1.0.zip} [ipx::current_core]
ipx::unload_core component_1
exit
INFO: [Common 17-206] Exiting Vivado at Tue Nov 05 20:55:15 2019...
