#-----------------------------------------------------------
# Vivado v2019.1 (64-bit)
# SW Build 2552052 on Fri May 24 14:49:42 MDT 2019
# IP Build 2548770 on Fri May 24 18:01:18 MDT 2019
# Start of session at: Sun Nov 10 00:42:55 2019
# Process ID: 7296
# Current directory: C:/Users/22321/Desktop/project/vivado/Exp/Exp1/Exp1-1/Exp1-1-orgate
# Command line: vivado.exe -gui_launcher_event rodinguilauncherevent11688 C:\Users\22321\Desktop\project\vivado\Exp\Exp1\Exp1-1\Exp1-1-orgate\Exp1-1-orgate.xpr
# Log file: C:/Users/22321/Desktop/project/vivado/Exp/Exp1/Exp1-1/Exp1-1-orgate/vivado.log
# Journal file: C:/Users/22321/Desktop/project/vivado/Exp/Exp1/Exp1-1/Exp1-1-orgate\vivado.jou
#-----------------------------------------------------------
start_gui
open_project C:/Users/22321/Desktop/project/vivado/Exp/Exp1/Exp1-1/Exp1-1-orgate/Exp1-1-orgate.xpr
INFO: [Project 1-313] Project file moved from 'D:/StudyAndWork/VIVADO/VIVADO/Exp/Exp1-1-orgate' since last save.
Scanning sources...
Finished scanning sources
INFO: [Project 1-230] Project 'Exp1-1-orgate.xpr' upgraded for this version of Vivado.
INFO: [IP_Flow 19-234] Refreshing IP repositories
INFO: [IP_Flow 19-1700] Loaded user IP repository 'c:/Users/22321/Desktop/project/vivado/Exp/Exp1/Exp1-1/Exp1-1-orgate/Exp1-1-orgate.srcs'.
INFO: [IP_Flow 19-2313] Loaded Vivado IP repository 'D:/develop/SDX/Vivado/2019.1/data/ip'.
update_compile_order -fileset sources_1
launch_simulation
INFO: [Vivado 12-5682] Launching behavioral simulation in 'C:/Users/22321/Desktop/project/vivado/Exp/Exp1/Exp1-1/Exp1-1-orgate/Exp1-1-orgate.sim/sim_1/behav/xsim'
INFO: [SIM-utils-51] Simulation object is 'sim_1'
INFO: [SIM-utils-54] Inspecting design source files for 's' in fileset 'sim_1'...
INFO: [USF-XSim-97] Finding global include files...
INFO: [USF-XSim-98] Fetching design files from 'sim_1'...
INFO: [USF-XSim-2] XSim::Compile design
INFO: [USF-XSim-61] Executing 'COMPILE and ANALYZE' step in 'C:/Users/22321/Desktop/project/vivado/Exp/Exp1/Exp1-1/Exp1-1-orgate/Exp1-1-orgate.sim/sim_1/behav/xsim'
"xvlog --incr --relax -prj s_vlog.prj"
INFO: [VRFC 10-2263] Analyzing Verilog file "C:/Users/22321/Desktop/project/vivado/Exp/Exp1/Exp1-1/Exp1-1-orgate/Exp1-1-orgate.srcs/sources_1/new/orgate.v" into library xil_defaultlib
INFO: [VRFC 10-311] analyzing module orgate
INFO: [VRFC 10-2263] Analyzing Verilog file "C:/Users/22321/Desktop/project/vivado/Exp/Exp1/Exp1-1/Exp1-1-orgate/Exp1-1-orgate.srcs/sim_1/new/s.v" into library xil_defaultlib
INFO: [VRFC 10-311] analyzing module s
INFO: [VRFC 10-2263] Analyzing Verilog file "C:/Users/22321/Desktop/project/vivado/Exp/Exp1/Exp1-1/Exp1-1-orgate/Exp1-1-orgate.sim/sim_1/behav/xsim/glbl.v" into library xil_defaultlib
INFO: [VRFC 10-311] analyzing module glbl
INFO: [USF-XSim-69] 'compile' step finished in '2' seconds
INFO: [USF-XSim-3] XSim::Elaborate design
INFO: [USF-XSim-61] Executing 'ELABORATE' step in 'C:/Users/22321/Desktop/project/vivado/Exp/Exp1/Exp1-1/Exp1-1-orgate/Exp1-1-orgate.sim/sim_1/behav/xsim'
"xelab -wto c9eb7b42d71a454d917a15787388b94e --incr --debug typical --relax --mt 2 -L xil_defaultlib -L unisims_ver -L unimacro_ver -L secureip --snapshot s_behav xil_defaultlib.s xil_defaultlib.glbl -log elaborate.log"
Vivado Simulator 2019.1
Copyright 1986-1999, 2001-2019 Xilinx, Inc. All Rights Reserved.
Running: D:/develop/SDX/Vivado/2019.1/bin/unwrapped/win64.o/xelab.exe -wto c9eb7b42d71a454d917a15787388b94e --incr --debug typical --relax --mt 2 -L xil_defaultlib -L unisims_ver -L unimacro_ver -L secureip --snapshot s_behav xil_defaultlib.s xil_defaultlib.glbl -log elaborate.log 
Using 2 slave threads.
Starting static elaboration
Completed static elaboration
Starting simulation data flow analysis
Completed simulation data flow analysis
Time Resolution for simulation is 1ps
Compiling module xil_defaultlib.orgate
Compiling module xil_defaultlib.s
Compiling module xil_defaultlib.glbl
Built simulation snapshot s_behav

****** Webtalk v2019.1 (64-bit)
  **** SW Build 2552052 on Fri May 24 14:49:42 MDT 2019
  **** IP Build 2548770 on Fri May 24 18:01:18 MDT 2019
    ** Copyright 1986-2019 Xilinx, Inc. All Rights Reserved.

source C:/Users/22321/Desktop/project/vivado/Exp/Exp1/Exp1-1/Exp1-1-orgate/Exp1-1-orgate.sim/sim_1/behav/xsim/xsim.dir/s_behav/webtalk/xsim_webtalk.tcl -notrace
webtalk_transmit: Time (s): cpu = 00:00:00 ; elapsed = 00:00:07 . Memory (MB): peak = 106.094 ; gain = 14.441
INFO: [Common 17-206] Exiting Webtalk at Sun Nov 10 00:44:24 2019...
run_program: Time (s): cpu = 00:00:01 ; elapsed = 00:00:11 . Memory (MB): peak = 820.344 ; gain = 0.000
INFO: [USF-XSim-69] 'elaborate' step finished in '11' seconds
INFO: [USF-XSim-4] XSim::Simulate design
INFO: [USF-XSim-61] Executing 'SIMULATE' step in 'C:/Users/22321/Desktop/project/vivado/Exp/Exp1/Exp1-1/Exp1-1-orgate/Exp1-1-orgate.sim/sim_1/behav/xsim'
INFO: [USF-XSim-98] *** Running xsim
   with args "s_behav -key {Behavioral:sim_1:Functional:s} -tclbatch {s.tcl} -log {simulate.log}"
INFO: [USF-XSim-8] Loading simulator feature
Vivado Simulator 2019.1
Time resolution is 1 ps
source s.tcl
# set curr_wave [current_wave_config]
# if { [string length $curr_wave] == 0 } {
#   if { [llength [get_objects]] > 0} {
#     add_wave /
#     set_property needs_save false [current_wave_config]
#   } else {
#      send_msg_id Add_Wave-1 WARNING "No top level signals found. Simulator will start without a wave window. If you want to open a wave window go to 'File->New Waveform Configuration' or type 'create_wave_config' in the TCL console."
#   }
# }
# run 1000ns
INFO: [USF-XSim-96] XSim completed. Design snapshot 's_behav' loaded.
INFO: [USF-XSim-97] XSim simulation ran for 1000ns
launch_simulation: Time (s): cpu = 00:00:07 ; elapsed = 00:00:16 . Memory (MB): peak = 842.195 ; gain = 21.852
close_sim
INFO: [Simtcl 6-16] Simulation closed
close_sim: Time (s): cpu = 00:00:02 ; elapsed = 00:00:08 . Memory (MB): peak = 849.406 ; gain = 7.211
exit
INFO: [Common 17-206] Exiting Vivado at Sun Nov 10 00:44:42 2019...
