INFO: [VRFC 10-2263] Analyzing Verilog file "C:/Users/22321/Desktop/project/vivado/Exp/Exp1/Exp1-2/Exp1-2-BD/Exp1-2-BD.srcs/sources_1/ipshared/xilinx.com/andgate_v1_0/bc48234d/sources_1/new/andgate.v" into library xil_defaultlib
INFO: [VRFC 10-311] analyzing module andgate
INFO: [VRFC 10-2263] Analyzing Verilog file "C:/Users/22321/Desktop/project/vivado/Exp/Exp1/Exp1-2/Exp1-2-BD/Exp1-2-BD.ip_user_files/bd/mux2x1_BD/ip/mux2x1_BD_andgate_0_0/sim/mux2x1_BD_andgate_0_0.v" into library xil_defaultlib
INFO: [VRFC 10-311] analyzing module mux2x1_BD_andgate_0_0
INFO: [VRFC 10-2263] Analyzing Verilog file "C:/Users/22321/Desktop/project/vivado/Exp/Exp1/Exp1-2/Exp1-2-BD/Exp1-2-BD.ip_user_files/bd/mux2x1_BD/ip/mux2x1_BD_andgate_1_0/sim/mux2x1_BD_andgate_1_0.v" into library xil_defaultlib
INFO: [VRFC 10-311] analyzing module mux2x1_BD_andgate_1_0
INFO: [VRFC 10-2263] Analyzing Verilog file "C:/Users/22321/Desktop/project/vivado/Exp/Exp1/Exp1-2/Exp1-2-BD/Exp1-2-BD.srcs/sources_1/ipshared/xilinx.com/orgate_v1_0/2ff1b263/sources_1/new/orgate.v" into library xil_defaultlib
INFO: [VRFC 10-311] analyzing module orgate
INFO: [VRFC 10-2263] Analyzing Verilog file "C:/Users/22321/Desktop/project/vivado/Exp/Exp1/Exp1-2/Exp1-2-BD/Exp1-2-BD.ip_user_files/bd/mux2x1_BD/ip/mux2x1_BD_orgate_0_0/sim/mux2x1_BD_orgate_0_0.v" into library xil_defaultlib
INFO: [VRFC 10-311] analyzing module mux2x1_BD_orgate_0_0
INFO: [VRFC 10-2263] Analyzing Verilog file "C:/Users/22321/Desktop/project/vivado/Exp/Exp1/Exp1-2/Exp1-2-BD/Exp1-2-BD.srcs/sources_1/ipshared/xilinx.com/notgate_v1_0/287ad1af/sources_1/new/notgate.v" into library xil_defaultlib
INFO: [VRFC 10-311] analyzing module notgate
INFO: [VRFC 10-2263] Analyzing Verilog file "C:/Users/22321/Desktop/project/vivado/Exp/Exp1/Exp1-2/Exp1-2-BD/Exp1-2-BD.ip_user_files/bd/mux2x1_BD/ip/mux2x1_BD_notgate_0_0/sim/mux2x1_BD_notgate_0_0.v" into library xil_defaultlib
INFO: [VRFC 10-311] analyzing module mux2x1_BD_notgate_0_0
INFO: [VRFC 10-2263] Analyzing Verilog file "C:/Users/22321/Desktop/project/vivado/Exp/Exp1/Exp1-2/Exp1-2-BD/Exp1-2-BD.ip_user_files/bd/mux2x1_BD/hdl/mux2x1_BD.v" into library xil_defaultlib
INFO: [VRFC 10-311] analyzing module mux2x1_BD
INFO: [VRFC 10-2263] Analyzing Verilog file "C:/Users/22321/Desktop/project/vivado/Exp/Exp1/Exp1-2/Exp1-2-BD/Exp1-2-BD.srcs/sim_1/new/s.v" into library xil_defaultlib
INFO: [VRFC 10-311] analyzing module s
INFO: [VRFC 10-2263] Analyzing Verilog file "C:/Users/22321/Desktop/project/vivado/Exp/Exp1/Exp1-2/Exp1-2-BD/Exp1-2-BD.sim/sim_1/behav/xsim/glbl.v" into library xil_defaultlib
INFO: [VRFC 10-311] analyzing module glbl
