#-----------------------------------------------------------
# Vivado v2019.1 (64-bit)
# SW Build 2552052 on Fri May 24 14:49:42 MDT 2019
# IP Build 2548770 on Fri May 24 18:01:18 MDT 2019
# Start of session at: Mon Nov 11 18:51:39 2019
# Process ID: 26192
# Current directory: C:/Users/22321/Desktop/project/vivado/Exp/Exp2/FullSuber32
# Command line: vivado.exe -gui_launcher_event rodinguilauncherevent19364 C:\Users\22321\Desktop\project\vivado\Exp\Exp2\FullSuber32\FullSuber32.xpr
# Log file: C:/Users/22321/Desktop/project/vivado/Exp/Exp2/FullSuber32/vivado.log
# Journal file: C:/Users/22321/Desktop/project/vivado/Exp/Exp2/FullSuber32\vivado.jou
#-----------------------------------------------------------
start_gui
open_project C:/Users/22321/Desktop/project/vivado/Exp/Exp2/FullSuber32/FullSuber32.xpr
Scanning sources...
Finished scanning sources
INFO: [IP_Flow 19-234] Refreshing IP repositories
INFO: [IP_Flow 19-1700] Loaded user IP repository 'c:/Users/22321/Desktop/project/vivado/Exp/Exp2/IPcore/xilinx.com_user_FullAdder1_1.0'.
INFO: [IP_Flow 19-2313] Loaded Vivado IP repository 'D:/develop/SDX/Vivado/2019.1/data/ip'.
open_project: Time (s): cpu = 00:00:11 ; elapsed = 00:00:05 . Memory (MB): peak = 827.598 ; gain = 204.168
update_compile_order -fileset sources_1
exit
INFO: [Common 17-206] Exiting Vivado at Mon Nov 11 19:17:25 2019...
