#-----------------------------------------------------------
# Vivado v2019.1 (64-bit)
# SW Build 2552052 on Fri May 24 14:49:42 MDT 2019
# IP Build 2548770 on Fri May 24 18:01:18 MDT 2019
# Start of session at: Mon Nov  4 23:24:20 2019
# Process ID: 9804
# Current directory: C:/Users/22321/Desktop/project/vivado/drink_fsm
# Command line: vivado.exe -gui_launcher_event rodinguilauncherevent21116 C:\Users\22321\Desktop\project\vivado\drink_fsm\drink_fsm.xpr
# Log file: C:/Users/22321/Desktop/project/vivado/drink_fsm/vivado.log
# Journal file: C:/Users/22321/Desktop/project/vivado/drink_fsm\vivado.jou
#-----------------------------------------------------------
start_gui
open_project C:/Users/22321/Desktop/project/vivado/drink_fsm/drink_fsm.xpr
Scanning sources...
Finished scanning sources
INFO: [IP_Flow 19-234] Refreshing IP repositories
INFO: [IP_Flow 19-1704] No user IP repositories specified
INFO: [IP_Flow 19-2313] Loaded Vivado IP repository 'D:/develop/SDX/Vivado/2019.1/data/ip'.
update_compile_order -fileset sources_1
exit
INFO: [Common 17-206] Exiting Vivado at Mon Nov  4 23:24:58 2019...
