#-----------------------------------------------------------
# Vivado v2015.2 (64-bit)
# SW Build 1266856 on Fri Jun 26 16:35:25 MDT 2015
# IP Build 1264090 on Wed Jun 24 14:22:01 MDT 2015
# Start of session at: Wed Nov 06 14:07:11 2019
# Process ID: 18296
# Log file: D:/StudyAndWork/VIVADO/VIVADO/Exp/Exp1-3-mux4x1/vivado.log
# Journal file: D:/StudyAndWork/VIVADO/VIVADO/Exp/Exp1-3-mux4x1\vivado.jou
#-----------------------------------------------------------
start_gui
open_project D:/StudyAndWork/VIVADO/VIVADO/Exp/Exp1-3-mux4x1/Exp1-3-mux4x1.xpr
Scanning sources...
Finished scanning sources
INFO: [IP_Flow 19-234] Refreshing IP repositories
INFO: [IP_Flow 19-1700] Loaded user IP repository 'd:/StudyAndWork/VIVADO/VIVADO/Exp/Exp1/IPcore'.
INFO: [IP_Flow 19-2313] Loaded Vivado IP repository 'D:/StudyAndWork/VIVADO/VIVADO/Vivado/2015.2/data/ip'.
open_project: Time (s): cpu = 00:00:07 ; elapsed = 00:00:07 . Memory (MB): peak = 737.031 ; gain = 158.520
update_ip_catalog -rebuild
INFO: [IP_Flow 19-234] Refreshing IP repositories
INFO: [IP_Flow 19-1700] Loaded user IP repository 'd:/StudyAndWork/VIVADO/VIVADO/Exp/Exp1/IPcore'.
set_property  ip_repo_paths  {} [current_project]
update_ip_catalog
INFO: [IP_Flow 19-234] Refreshing IP repositories
INFO: [IP_Flow 19-1704] No user IP repositories specified
update_ip_catalog -rebuild
INFO: [IP_Flow 19-234] Refreshing IP repositories
INFO: [IP_Flow 19-1704] No user IP repositories specified
set_property  ip_repo_paths  D:/StudyAndWork/VIVADO/VIVADO/Exp/Exp1-1/gateIPcore [current_project]
update_ip_catalog
INFO: [IP_Flow 19-234] Refreshing IP repositories
INFO: [IP_Flow 19-1700] Loaded user IP repository 'd:/StudyAndWork/VIVADO/VIVADO/Exp/Exp1-1/gateIPcore'.
create_ip -name andgate -vendor xilinx.com -library user -version 1.0 -module_name andgate_0
generate_target {instantiation_template} [get_files d:/StudyAndWork/VIVADO/VIVADO/Exp/Exp1-3-mux4x1/Exp1-3-mux4x1.srcs/sources_1/ip/andgate_0/andgate_0.xci]
INFO: [IP_Flow 19-1686] Generating 'Instantiation Template' target for IP 'andgate_0'...
open_bd_design {D:/StudyAndWork/VIVADO/VIVADO/Exp/Exp1-3-mux4x1/Exp1-3-mux4x1.srcs/sources_1/bd/mux4x1/mux4x1.bd}
Adding component instance block -- xilinx.com:user:andgate:1.0 - andgate_0
Successfully read diagram <mux4x1> from BD file <D:/StudyAndWork/VIVADO/VIVADO/Exp/Exp1-3-mux4x1/Exp1-3-mux4x1.srcs/sources_1/bd/mux4x1/mux4x1.bd>
delete_bd_objs [get_bd_nets b_1] [get_bd_nets a_1] [get_bd_nets andgate_0_c] [get_bd_cells andgate_0]
delete_bd_objs [get_bd_ports c]
delete_bd_objs [get_bd_ports b]
delete_bd_objs [get_bd_ports a]
create_bd_cell -type ip -vlnv xilinx.com:user:andgate:1.0 andgate_0
set_property location {1 67 52} [get_bd_cells andgate_0]
set_property location {0.5 -264 -91} [get_bd_cells andgate_0]
create_bd_cell -type ip -vlnv xilinx.com:user:andgate:1.0 andgate_1
create_bd_cell -type ip -vlnv xilinx.com:user:andgate:1.0 andgate_2
create_bd_cell -type ip -vlnv xilinx.com:user:andgate:1.0 andgate_3
create_bd_intf_port -mode Master -vlnv xilinx.com:interface:aximm_rtl:1.0 sel1
set_property location {-134 109} [get_bd_intf_ports sel1]
set_property location {297 101} [get_bd_intf_ports sel1]
delete_bd_objs [get_bd_cells andgate_3]
undo
INFO: [Common 17-17] undo 'delete_bd_objs [get_bd_cells andgate_3]'
delete_bd_objs [get_bd_intf_ports sel1]
create_bd_port -dir I sel1
set_property location {2 103} [get_bd_ports sel1]
create_bd_port -dir I sel2
set_property location {41 239} [get_bd_ports sel2]
set_property location {52 294} [get_bd_ports sel2]
set_property location {28 131} [get_bd_ports sel2]
create_bd_port -dir I -from 2 -to 0 a
create_bd_port -dir I -from 2 -to 0 b
create_bd_port -dir I -from 2 -to 0 c
create_bd_port -dir I -from 2 -to 0 d
set_property location {58 213} [get_bd_ports sel1]
set_property location {59 240} [get_bd_ports sel2]
connect_bd_net [get_bd_ports sel1] [get_bd_pins andgate_0/a]
connect_bd_net [get_bd_ports sel2] [get_bd_pins andgate_0/b]
create_bd_cell -type ip -vlnv xilinx.com:user:notgate:1.0 notgate_0
set_property location {1.5 306 62} [get_bd_cells andgate_0]
set_property location {2 324 151} [get_bd_cells andgate_1]
set_property location {2 344 302} [get_bd_cells andgate_2]
set_property location {2 339 405} [get_bd_cells andgate_3]
set_property location {2 358 41} [get_bd_cells andgate_0]
set_property location {2 345 139} [get_bd_cells andgate_1]
set_property location {2 354 241} [get_bd_cells andgate_2]
set_property location {2 361 344} [get_bd_cells andgate_3]
set_property location {1 162 189} [get_bd_cells notgate_0]
set_property location {72 205} [get_bd_ports sel1]
connect_bd_net -net [get_bd_nets sel1_1] [get_bd_ports sel1] [get_bd_pins notgate_0/a]
connect_bd_net [get_bd_pins notgate_0/c] [get_bd_pins andgate_1/a]
connect_bd_net -net [get_bd_nets sel2_1] [get_bd_ports sel2] [get_bd_pins andgate_1/b]
connect_bd_net -net [get_bd_nets sel1_1] [get_bd_ports sel1] [get_bd_pins andgate_2/a]
create_bd_cell -type ip -vlnv xilinx.com:user:orgate:1.0 orgate_0
create_bd_cell -type ip -vlnv xilinx.com:user:andnotgate:1.0 andnotgate_0
delete_bd_objs [get_bd_cells andnotgate_0]
create_bd_cell -type ip -vlnv xilinx.com:user:notgate:1.0 notgate_1
delete_bd_objs [get_bd_cells notgate_1]
delete_bd_objs [get_bd_cells orgate_0]
update_ip_catalog -rebuild
INFO: [IP_Flow 19-234] Refreshing IP repositories
INFO: [IP_Flow 19-1700] Loaded user IP repository 'd:/StudyAndWork/VIVADO/VIVADO/Exp/Exp1-1/gateIPcore'.
create_bd_cell -type ip -vlnv xilinx.com:user:notgate:1.0 notgate_1
delete_bd_objs [get_bd_cells notgate_1]
set_property  ip_repo_paths  {} [current_project]
update_ip_catalog
INFO: [IP_Flow 19-234] Refreshing IP repositories
INFO: [IP_Flow 19-1704] No user IP repositories specified
set_property  ip_repo_paths  D:/StudyAndWork/VIVADO/VIVADO/Exp/Exp1-1/gateIPcore [current_project]
update_ip_catalog
INFO: [IP_Flow 19-234] Refreshing IP repositories
INFO: [IP_Flow 19-1700] Loaded user IP repository 'd:/StudyAndWork/VIVADO/VIVADO/Exp/Exp1-1/gateIPcore'.
create_bd_cell -type ip -vlnv xilinx.com:user:andgate:1.0 andgate_4
create_bd_cell -type ip -vlnv xilinx.com:user:andnotgate:1.0 andnotgate_0
delete_bd_objs [get_bd_cells andnotgate_0]
delete_bd_objs [get_bd_cells andgate_4]
WARNING: [IP_Flow 19-4318] IP-XACT file does not exist: d:/StudyAndWork/VIVADO/VIVADO/Exp/Exp1/IPcore/xilinx.com_user_andgate_1.0/component.xml. It will be created.
exit
INFO: [Common 17-206] Exiting Vivado at Wed Nov 06 14:32:13 2019...
