#-----------------------------------------------------------
# Vivado v2019.1 (64-bit)
# SW Build 2552052 on Fri May 24 14:49:42 MDT 2019
# IP Build 2548770 on Fri May 24 18:01:18 MDT 2019
# Start of session at: Sun Nov 10 00:57:03 2019
# Process ID: 22512
# Current directory: C:/Users/22321/Desktop/project/vivado/Exp/Exp1/Exp1-3/Exp1-3-mux4x1
# Command line: vivado.exe -gui_launcher_event rodinguilauncherevent17200 C:\Users\22321\Desktop\project\vivado\Exp\Exp1\Exp1-3\Exp1-3-mux4x1\Exp1-3-mux4x1.xpr
# Log file: C:/Users/22321/Desktop/project/vivado/Exp/Exp1/Exp1-3/Exp1-3-mux4x1/vivado.log
# Journal file: C:/Users/22321/Desktop/project/vivado/Exp/Exp1/Exp1-3/Exp1-3-mux4x1\vivado.jou
#-----------------------------------------------------------
start_gui
open_project C:/Users/22321/Desktop/project/vivado/Exp/Exp1/Exp1-3/Exp1-3-mux4x1/Exp1-3-mux4x1.xpr
INFO: [Project 1-313] Project file moved from 'D:/StudyAndWork/VIVADO/VIVADO/Exp/Exp1-3-mux4x1' since last save.
Scanning sources...
Finished scanning sources
WARNING: [filemgmt 56-2] IP Repository Path: Could not find the directory 'C:/Users/22321/Desktop/project/vivado/Exp/Exp1/Exp1-3/Exp1-1/IPcore', nor could it be found using path 'D:/StudyAndWork/VIVADO/VIVADO/Exp/Exp1-1/IPcore'.
INFO: [IP_Flow 19-234] Refreshing IP repositories
WARNING: [IP_Flow 19-2248] Failed to load user IP repository 'c:/Users/22321/Desktop/project/vivado/Exp/Exp1/Exp1-3/Exp1-1/IPcore'; Can't find the specified path.
If this directory should no longer be in your list of user repositories, go to the IP Settings dialog and remove it.
INFO: [IP_Flow 19-2313] Loaded Vivado IP repository 'D:/develop/SDX/Vivado/2019.1/data/ip'.
WARNING: [BD 41-1661] One or more IPs have been locked in the design 'mux4x1.bd'. Please run report_ip_status for more details and recommendations on how to fix this issue.
List of locked IPs:
mux4x1_andgate_1_0
mux4x1_orgate_1_0
mux4x1_orgate_0_1
mux4x1_andgate_0_0
mux4x1_andgate_4_0
mux4x1_notgate_0_0
mux4x1_andgate_2_0
mux4x1_andgate_3_0
mux4x1_andgate_5_0
mux4x1_notgate_1_0
mux4x1_andgate_6_0
mux4x1_andgate_7_0
mux4x1_orgate_2_0

INFO: [Project 1-230] Project 'Exp1-3-mux4x1.xpr' upgraded for this version of Vivado.
update_compile_order -fileset sources_1
open_bd_design {C:/Users/22321/Desktop/project/vivado/Exp/Exp1/Exp1-3/Exp1-3-mux4x1/Exp1-3-mux4x1.srcs/sources_1/bd/mux4x1/mux4x1.bd}
Adding component instance block -- xilinx.com:user:orgate:1.0 - orgate_0
Adding component instance block -- xilinx.com:user:andgate:1.0 - andgate_0
Adding component instance block -- xilinx.com:user:notgate:1.0 - notgate_0
Adding component instance block -- xilinx.com:user:andgate:1.0 - andgate_1
Adding component instance block -- xilinx.com:user:andgate:1.0 - andgate_2
Adding component instance block -- xilinx.com:user:andgate:1.0 - andgate_3
Adding component instance block -- xilinx.com:user:notgate:1.0 - notgate_1
Adding component instance block -- xilinx.com:user:andgate:1.0 - andgate_4
Adding component instance block -- xilinx.com:user:andgate:1.0 - andgate_5
Adding component instance block -- xilinx.com:user:andgate:1.0 - andgate_6
Adding component instance block -- xilinx.com:user:andgate:1.0 - andgate_7
Adding component instance block -- xilinx.com:user:orgate:1.0 - orgate_1
Adding component instance block -- xilinx.com:user:orgate:1.0 - orgate_2
Successfully read diagram <mux4x1> from BD file <C:/Users/22321/Desktop/project/vivado/Exp/Exp1/Exp1-3/Exp1-3-mux4x1/Exp1-3-mux4x1.srcs/sources_1/bd/mux4x1/mux4x1.bd>
set_property location {1 224 167} [get_bd_cells notgate_0]
open_bd_design {C:/Users/22321/Desktop/project/vivado/Exp/Exp1/Exp1-3/Exp1-3-mux4x1/Exp1-3-mux4x1.srcs/sources_1/bd/mux4x1/mux4x1.bd}
create_bd_port -dir I sel
delete_bd_objs [get_bd_ports sel]
create_bd_port -dir I -from 1 -to 0 sel
copy_bd_objs /  [get_bd_cells {notgate_0}]
ERROR: [BD 41-950] Copying failed as IPs are not supported in this version of Vivado for following cells: 
 /notgate_0 
ERROR: [BD 5-5] Error: running copy_bd_objs.
ERROR: [Common 17-39] 'copy_bd_objs' failed due to earlier errors.
exit
INFO: [Common 17-206] Exiting Vivado at Sun Nov 10 01:18:09 2019...
