Copyright 1986-2019 Xilinx, Inc. All Rights Reserved.
--------------------------------------------------------------------------------------
| Tool Version : Vivado v.2019.1 (win64) Build 2552052 Fri May 24 14:49:42 MDT 2019
| Date         : Mon Nov  4 15:39:01 2019
| Host         : DESKTOP-UB8SBA3 running 64-bit major release  (build 9200)
| Command      : report_control_sets -verbose -file drink_fsm_control_sets_placed.rpt
| Design       : drink_fsm
| Device       : xc7a35t
--------------------------------------------------------------------------------------

Control Set Information

Table of Contents
-----------------
1. Summary
2. Histogram
3. Flip-Flop Distribution
4. Detailed Control Set Information

1. Summary
----------

+----------------------------------------------------------+-------+
|                          Status                          | Count |
+----------------------------------------------------------+-------+
| Total control sets                                       |     4 |
|    Minimum number of control sets                        |     4 |
|    Addition due to synthesis replication                 |     0 |
|    Addition due to physical synthesis replication        |     0 |
| Unused register locations in slices containing registers |    23 |
+----------------------------------------------------------+-------+
* Control sets can be merged at opt_design using control_set_merge or merge_equivalent_drivers
** Run report_qor_suggestions for automated merging and remapping suggestions


2. Histogram
------------

+--------------------+-------+
|       Fanout       | Count |
+--------------------+-------+
| Total control sets |     4 |
| >= 0 to < 4        |     4 |
| >= 4 to < 6        |     0 |
| >= 6 to < 8        |     0 |
| >= 8 to < 10       |     0 |
| >= 10 to < 12      |     0 |
| >= 12 to < 14      |     0 |
| >= 14 to < 16      |     0 |
| >= 16              |     0 |
+--------------------+-------+
* Control sets can be remapped at either synth_design or opt_design


3. Flip-Flop Distribution
-------------------------

+--------------+-----------------------+------------------------+-----------------+--------------+
| Clock Enable | Synchronous Set/Reset | Asynchronous Set/Reset | Total Registers | Total Slices |
+--------------+-----------------------+------------------------+-----------------+--------------+
| No           | No                    | No                     |               1 |            1 |
| No           | No                    | Yes                    |               3 |            1 |
| No           | Yes                   | No                     |               5 |            2 |
| Yes          | No                    | No                     |               0 |            0 |
| Yes          | No                    | Yes                    |               0 |            0 |
| Yes          | Yes                   | No                     |               0 |            0 |
+--------------+-----------------------+------------------------+-----------------+--------------+


4. Detailed Control Set Information
-----------------------------------

+----------------------------+---------------+---------------------------+------------------+----------------+
|        Clock Signal        | Enable Signal |      Set/Reset Signal     | Slice Load Count | Bel Load Count |
+----------------------------+---------------+---------------------------+------------------+----------------+
|  charge_val_reg[0]/G0      |               |                           |                1 |              1 |
|  cancel_flag_IBUF_BUFG     |               | charge_val_reg[2]_i_2_n_0 |                1 |              2 |
|  clk_IBUF_BUFG             |               | rst_IBUF                  |                1 |              3 |
|  next_state_reg[2]_i_2_n_0 |               | next_state_reg[2]_i_3_n_0 |                1 |              3 |
+----------------------------+---------------+---------------------------+------------------+----------------+


