#-----------------------------------------------------------
# Vivado v2015.2 (64-bit)
# SW Build 1266856 on Fri Jun 26 16:35:25 MDT 2015
# IP Build 1264090 on Wed Jun 24 14:22:01 MDT 2015
# Start of session at: Sat Jun 01 09:33:28 2019
# Process ID: 5376
# Log file: E:/学习/数字逻辑/作业/check_101/vivado.log
# Journal file: E:/学习/数字逻辑/作业/check_101\vivado.jou
#-----------------------------------------------------------
start_gui
open_project E:/学习/数字逻辑/作业/check_101/check_101.xpr
INFO: [Project 1-313] Project file moved from 'D:/My_Project/Vivado/check_101' since last save.
Scanning sources...
****** Webtalk v2015.2 (64-bit)
  **** SW Build 1266856 on Fri Jun 26 16:35:25 MDT 2015
  **** IP Build 1264090 on Wed Jun 24 14:22:01 MDT 2015
    ** Copyright 1986-2015 Xilinx, Inc. All Rights Reserved.

source E:/学习/数字逻辑/作业/check_101/check_101.hw/webtalk/labtool_webtalk.tcl -notrace
INFO: [Common 17-186] 'E:/学习/数字逻辑/作业/check_101/check_101.hw/webtalk/usage_statistics_ext_labtool.xml' has been successfully sent to Xilinx on Sat Jun 01 09:34:29 2019. For additional details about this file, please refer to the WebTalk help file at E:/vivado/Vivado/2015.2/doc/webtalk_introduction.html.
INFO: [Common 17-206] Exiting Webtalk at Sat Jun 01 09:34:29 2019...
ERROR: [Common 17-70] Application Exception: SrcMgr::createSS : type not set
exit
INFO: [Common 17-206] Exiting Vivado at Sat Jun 01 09:34:36 2019...
